<?xml version="1.0" encoding="UTF-8"?>
<!-- Generated by org.testng.reporters.JUnitReportReporter -->
<testsuite skipped="0" hostname="LAPTOP-0D4CH0TF" name="selenium_learning.Class_23" tests="1" failures="0" timestamp="2020-02-23T02:26:19 IST" time="0.986" errors="0">
  <testcase name="readXLFile" time="0.986" classname="selenium_learning.Class_23"/>
</testsuite> <!-- selenium_learning.Class_23 -->
