<?xml version="1.0" encoding="UTF-8"?>
<!-- Generated by org.testng.reporters.JUnitReportReporter -->
<testsuite skipped="0" hostname="LAPTOP-0D4CH0TF" name="selenium_learning.Class_22" tests="1" failures="0" timestamp="2020-02-23T02:32:43 IST" time="0.015" errors="0">
  <testcase name="writerFunc" time="0.015" classname="selenium_learning.Class_22"/>
</testsuite> <!-- selenium_learning.Class_22 -->
