<?xml version="1.0" encoding="UTF-8"?>
<!-- Generated by org.testng.reporters.JUnitReportReporter -->
<testsuite skipped="0" hostname="LAPTOP-0D4CH0TF" name="selenium_learning.Class_4" tests="1" failures="0" timestamp="2021-01-25T17:47:32 IST" time="11.104" errors="0">
  <testcase name="validateURL" time="11.104" classname="selenium_learning.Class_4"/>
</testsuite> <!-- selenium_learning.Class_4 -->
