<?xml version="1.0" encoding="UTF-8"?>
<!-- Generated by org.testng.reporters.JUnitReportReporter -->
<testsuite skipped="0" hostname="LAPTOP-0D4CH0TF" name="selenium_learning.Class_24" tests="1" failures="0" timestamp="2020-04-10T17:19:30 IST" time="0.604" errors="0">
  <testcase name="databaseConnection" time="0.604" classname="selenium_learning.Class_24"/>
</testsuite> <!-- selenium_learning.Class_24 -->
